<?xml version="1.0" encoding="UTF-8"?>
<robot generator="Robot 3.1.2 (Python 3.8.2 on win32)" generated="20200420 12:28:11.597" rpa="false">
<suite id="s1" name="Tests" source="C:\Users\lina\PycharmProjects\Testagain\Tests">
<suite id="s1-s1" name="Amazon" source="C:\Users\lina\PycharmProjects\Testagain\Tests\amazon.robot">
<test id="s1-s1-t1" name="User Can access amazon.com">
<kw name="Open Browser" library="SeleniumLibrary">
<doc>Opens a new browser instance to the optional ``url``.</doc>
<arguments>
<arg>about:blank</arg>
<arg>chrome</arg>
</arguments>
<msg timestamp="20200420 12:28:12.225" level="INFO">Opening browser 'chrome' to base url 'about:blank'.</msg>
<status status="PASS" starttime="20200420 12:28:12.225" endtime="20200420 12:28:17.386"></status>
</kw>
<kw name="Go To" library="SeleniumLibrary">
<doc>Navigates the current browser window to the provided ``url``.</doc>
<arguments>
<arg>https://localhost:44321/</arg>
</arguments>
<msg timestamp="20200420 12:28:17.390" level="INFO">Opening url 'https://localhost:44321/'</msg>
<status status="PASS" starttime="20200420 12:28:17.390" endtime="20200420 12:28:18.980"></status>
</kw>
<kw name="Maximize Browser Window" library="SeleniumLibrary">
<doc>Maximizes current browser window.</doc>
<status status="PASS" starttime="20200420 12:28:18.991" endtime="20200420 12:28:21.273"></status>
</kw>
<kw name="Wait Until Page Contains" library="SeleniumLibrary">
<doc>Waits until ``text`` appears on the current page.</doc>
<arguments>
<arg>Welcome</arg>
</arguments>
<status status="PASS" starttime="20200420 12:28:21.273" endtime="20200420 12:28:21.303"></status>
</kw>
<kw name="Close Browser" library="SeleniumLibrary">
<doc>Closes the current browser.</doc>
<status status="PASS" starttime="20200420 12:28:21.304" endtime="20200420 12:28:23.733"></status>
</kw>
<doc>Basic Info about the test</doc>
<tags>
<tag>Test 1</tag>
</tags>
<status status="PASS" starttime="20200420 12:28:12.223" endtime="20200420 12:28:23.734" critical="yes"></status>
</test>
<doc>info info</doc>
<status status="PASS" starttime="20200420 12:28:11.656" endtime="20200420 12:28:23.743"></status>
</suite>
<status status="PASS" starttime="20200420 12:28:11.600" endtime="20200420 12:28:23.761"></status>
</suite>
<statistics>
<total>
<stat pass="1" fail="0">Critical Tests</stat>
<stat pass="1" fail="0">All Tests</stat>
</total>
<tag>
<stat pass="1" fail="0">Test 1</stat>
</tag>
<suite>
<stat pass="1" fail="0" id="s1" name="Tests">Tests</stat>
<stat pass="1" fail="0" id="s1-s1" name="Amazon">Tests.Amazon</stat>
</suite>
</statistics>
<errors>
</errors>
</robot>
